{"/Users/pujanpoudyal/NoStack/bash-fool/src/index.ts": {"path":"/Users/pujanpoudyal/NoStack/bash-fool/src/index.ts","statementMap":{"0":{"start":{"line":3,"column":0},"end":{"line":3,"column":36}},"1":{"start":{"line":9,"column":0},"end":{"line":9,"column":null}}},"fnMap":{},"branchMap":{},"s":{"0":1,"1":1},"f":{},"b":{}}
,"/Users/pujanpoudyal/NoStack/bash-fool/src/custom/generateTaskList.ts": {"path":"/Users/pujanpoudyal/NoStack/bash-fool/src/custom/generateTaskList.ts","statementMap":{"0":{"start":{"line":2,"column":0},"end":{"line":2,"column":64}},"1":{"start":{"line":3,"column":0},"end":{"line":3,"column":70}},"2":{"start":{"line":4,"column":20},"end":{"line":4,"column":42}},"3":{"start":{"line":5,"column":14},"end":{"line":5,"column":30}},"4":{"start":{"line":6,"column":14},"end":{"line":6,"column":30}},"5":{"start":{"line":9,"column":26},"end":{"line":9,"column":113}},"6":{"start":{"line":9,"column":54},"end":{"line":9,"column":86}},"7":{"start":{"line":9,"column":102},"end":{"line":9,"column":112}},"8":{"start":{"line":11,"column":2},"end":{"line":27,"column":5}},"9":{"start":{"line":12,"column":4},"end":{"line":26,"column":6}},"10":{"start":{"line":15,"column":8},"end":{"line":24,"column":11}},"11":{"start":{"line":20,"column":10},"end":{"line":23,"column":40}},"12":{"start":{"line":8,"column":0},"end":{"line":8,"column":16}}},"fnMap":{"0":{"name":"generateTaskList","decl":{"start":{"line":8,"column":16},"end":{"line":8,"column":32}},"loc":{"start":{"line":8,"column":92},"end":{"line":28,"column":1}}},"1":{"name":"(anonymous_1)","decl":{"start":{"line":9,"column":42},"end":{"line":9,"column":43}},"loc":{"start":{"line":9,"column":54},"end":{"line":9,"column":86}}},"2":{"name":"(anonymous_2)","decl":{"start":{"line":9,"column":95},"end":{"line":9,"column":96}},"loc":{"start":{"line":9,"column":102},"end":{"line":9,"column":112}}},"3":{"name":"(anonymous_3)","decl":{"start":{"line":11,"column":29},"end":{"line":11,"column":30}},"loc":{"start":{"line":11,"column":58},"end":{"line":27,"column":3}}},"4":{"name":"(anonymous_4)","decl":{"start":{"line":14,"column":12},"end":{"line":14,"column":17}},"loc":{"start":{"line":14,"column":23},"end":{"line":25,"column":7}}},"5":{"name":"(anonymous_5)","decl":{"start":{"line":19,"column":16},"end":{"line":19,"column":17}},"loc":{"start":{"line":19,"column":31},"end":{"line":24,"column":9}}}},"branchMap":{},"s":{"0":3,"1":3,"2":3,"3":3,"4":3,"5":3,"6":3,"7":3,"8":3,"9":3,"10":3,"11":1,"12":3},"f":{"0":3,"1":3,"2":3,"3":3,"4":3,"5":1},"b":{}}
,"/Users/pujanpoudyal/NoStack/bash-fool/src/custom/index.ts": {"path":"/Users/pujanpoudyal/NoStack/bash-fool/src/custom/index.ts","statementMap":{"0":{"start":{"line":1,"column":0},"end":{"line":1,"column":54}},"1":{"start":{"line":4,"column":14},"end":{"line":4,"column":30}},"2":{"start":{"line":13,"column":2},"end":{"line":13,"column":24}},"3":{"start":{"line":13,"column":17},"end":{"line":13,"column":24}},"4":{"start":{"line":14,"column":24},"end":{"line":16,"column":27}},"5":{"start":{"line":16,"column":16},"end":{"line":16,"column":26}},"6":{"start":{"line":18,"column":2},"end":{"line":18,"column":34}},"7":{"start":{"line":12,"column":0},"end":{"line":12,"column":16}}},"fnMap":{"0":{"name":"bashFool","decl":{"start":{"line":12,"column":16},"end":{"line":12,"column":24}},"loc":{"start":{"line":12,"column":91},"end":{"line":19,"column":1}}},"1":{"name":"(anonymous_1)","decl":{"start":{"line":16,"column":11},"end":{"line":16,"column":12}},"loc":{"start":{"line":16,"column":16},"end":{"line":16,"column":26}}}},"branchMap":{"0":{"loc":{"start":{"line":13,"column":2},"end":{"line":13,"column":24}},"type":"if","locations":[{"start":{"line":13,"column":2},"end":{"line":13,"column":24}},{"start":{"line":13,"column":2},"end":{"line":13,"column":24}}]}},"s":{"0":2,"1":2,"2":4,"3":1,"4":3,"5":3,"6":3,"7":2},"f":{"0":4,"1":3},"b":{"0":[1,3]}}
,"/Users/pujanpoudyal/NoStack/bash-fool/src/custom/setup/convertCommandArgs.ts": {"path":"/Users/pujanpoudyal/NoStack/bash-fool/src/custom/setup/convertCommandArgs.ts","statementMap":{"0":{"start":{"line":1,"column":0},"end":{"line":1,"column":60}},"1":{"start":{"line":4,"column":2},"end":{"line":4,"column":44}},"2":{"start":{"line":4,"column":34},"end":{"line":4,"column":44}},"3":{"start":{"line":5,"column":17},"end":{"line":9,"column":4}},"4":{"start":{"line":6,"column":4},"end":{"line":6,"column":43}},"5":{"start":{"line":7,"column":4},"end":{"line":7,"column":44}},"6":{"start":{"line":8,"column":4},"end":{"line":8,"column":15}},"7":{"start":{"line":10,"column":2},"end":{"line":10,"column":16}},"8":{"start":{"line":3,"column":0},"end":{"line":3,"column":16}}},"fnMap":{"0":{"name":"convertCommandArgs","decl":{"start":{"line":3,"column":16},"end":{"line":3,"column":34}},"loc":{"start":{"line":3,"column":92},"end":{"line":11,"column":1}}},"1":{"name":"(anonymous_1)","decl":{"start":{"line":5,"column":26},"end":{"line":5,"column":27}},"loc":{"start":{"line":5,"column":42},"end":{"line":9,"column":3}}}},"branchMap":{"0":{"loc":{"start":{"line":4,"column":2},"end":{"line":4,"column":44}},"type":"if","locations":[{"start":{"line":4,"column":2},"end":{"line":4,"column":44}},{"start":{"line":4,"column":2},"end":{"line":4,"column":44}}]},"1":{"loc":{"start":{"line":4,"column":6},"end":{"line":4,"column":11}},"type":"binary-expr","locations":[{"start":{"line":4,"column":6},"end":{"line":4,"column":11}},{"start":{"line":4,"column":15},"end":{"line":4,"column":32}}]}},"s":{"0":3,"1":3,"2":1,"3":2,"4":3,"5":3,"6":3,"7":2,"8":3},"f":{"0":3,"1":3},"b":{"0":[1,2],"1":[3,3]}}
,"/Users/pujanpoudyal/NoStack/bash-fool/src/custom/setup/convertCommandOptions.ts": {"path":"/Users/pujanpoudyal/NoStack/bash-fool/src/custom/setup/convertCommandOptions.ts","statementMap":{"0":{"start":{"line":1,"column":0},"end":{"line":1,"column":60}},"1":{"start":{"line":4,"column":2},"end":{"line":4,"column":26}},"2":{"start":{"line":4,"column":16},"end":{"line":4,"column":26}},"3":{"start":{"line":5,"column":22},"end":{"line":5,"column":42}},"4":{"start":{"line":6,"column":2},"end":{"line":6,"column":42}},"5":{"start":{"line":6,"column":32},"end":{"line":6,"column":42}},"6":{"start":{"line":7,"column":14},"end":{"line":7,"column":31}},"7":{"start":{"line":8,"column":2},"end":{"line":11,"column":5}},"8":{"start":{"line":9,"column":4},"end":{"line":9,"column":72}},"9":{"start":{"line":10,"column":4},"end":{"line":10,"column":73}},"10":{"start":{"line":12,"column":2},"end":{"line":12,"column":16}},"11":{"start":{"line":3,"column":0},"end":{"line":3,"column":16}}},"fnMap":{"0":{"name":"convertCommandOptions","decl":{"start":{"line":3,"column":16},"end":{"line":3,"column":37}},"loc":{"start":{"line":3,"column":93},"end":{"line":13,"column":1}}},"1":{"name":"(anonymous_1)","decl":{"start":{"line":8,"column":18},"end":{"line":8,"column":19}},"loc":{"start":{"line":8,"column":40},"end":{"line":11,"column":3}}}},"branchMap":{"0":{"loc":{"start":{"line":4,"column":2},"end":{"line":4,"column":26}},"type":"if","locations":[{"start":{"line":4,"column":2},"end":{"line":4,"column":26}},{"start":{"line":4,"column":2},"end":{"line":4,"column":26}}]},"1":{"loc":{"start":{"line":6,"column":2},"end":{"line":6,"column":42}},"type":"if","locations":[{"start":{"line":6,"column":2},"end":{"line":6,"column":42}},{"start":{"line":6,"column":2},"end":{"line":6,"column":42}}]}},"s":{"0":4,"1":5,"2":1,"3":4,"4":4,"5":1,"6":3,"7":3,"8":3,"9":3,"10":3,"11":4},"f":{"0":5,"1":3},"b":{"0":[1,4],"1":[1,3]}}
,"/Users/pujanpoudyal/NoStack/bash-fool/src/custom/setup/updateSessionValues.ts": {"path":"/Users/pujanpoudyal/NoStack/bash-fool/src/custom/setup/updateSessionValues.ts","statementMap":{"0":{"start":{"line":2,"column":2},"end":{"line":4,"column":5}},"1":{"start":{"line":3,"column":4},"end":{"line":3,"column":51}},"2":{"start":{"line":5,"column":2},"end":{"line":5,"column":15}},"3":{"start":{"line":1,"column":0},"end":{"line":1,"column":16}}},"fnMap":{"0":{"name":"updateSessionValues","decl":{"start":{"line":1,"column":16},"end":{"line":1,"column":35}},"loc":{"start":{"line":1,"column":63},"end":{"line":6,"column":1}}},"1":{"name":"(anonymous_1)","decl":{"start":{"line":2,"column":31},"end":{"line":2,"column":32}},"loc":{"start":{"line":2,"column":39},"end":{"line":4,"column":3}}}},"branchMap":{},"s":{"0":6,"1":5,"2":6,"3":4},"f":{"0":6,"1":5},"b":{}}
}
