{"/home/yisroel/packages/bash-fool-all/bash-fool/src/index.ts": {"path":"/home/yisroel/packages/bash-fool-all/bash-fool/src/index.ts","statementMap":{"0":{"start":{"line":3,"column":0},"end":{"line":3,"column":36}},"1":{"start":{"line":9,"column":0},"end":{"line":9,"column":null}}},"fnMap":{},"branchMap":{},"s":{"0":1,"1":1},"f":{},"b":{}}
,"/home/yisroel/packages/bash-fool-all/bash-fool/src/custom/generateTaskList.ts": {"path":"/home/yisroel/packages/bash-fool-all/bash-fool/src/custom/generateTaskList.ts","statementMap":{"0":{"start":{"line":2,"column":0},"end":{"line":2,"column":61}},"1":{"start":{"line":3,"column":0},"end":{"line":3,"column":67}},"2":{"start":{"line":4,"column":20},"end":{"line":4,"column":42}},"3":{"start":{"line":5,"column":14},"end":{"line":5,"column":30}},"4":{"start":{"line":6,"column":14},"end":{"line":6,"column":30}},"5":{"start":{"line":13,"column":26},"end":{"line":15,"column":28}},"6":{"start":{"line":13,"column":52},"end":{"line":14,"column":null}},"7":{"start":{"line":15,"column":17},"end":{"line":15,"column":27}},"8":{"start":{"line":17,"column":2},"end":{"line":35,"column":null}},"9":{"start":{"line":18,"column":4},"end":{"line":34,"column":null}},"10":{"start":{"line":21,"column":8},"end":{"line":32,"column":null}},"11":{"start":{"line":26,"column":10},"end":{"line":31,"column":null}},"12":{"start":{"line":8,"column":0},"end":{"line":8,"column":16}}},"fnMap":{"0":{"name":"generateTaskList","decl":{"start":{"line":8,"column":16},"end":{"line":8,"column":32}},"loc":{"start":{"line":11,"column":14},"end":{"line":36,"column":1}}},"1":{"name":"(anonymous_1)","decl":{"start":{"line":13,"column":42},"end":{"line":13,"column":48}},"loc":{"start":{"line":13,"column":52},"end":{"line":14,"column":null}}},"2":{"name":"(anonymous_2)","decl":{"start":{"line":15,"column":12},"end":{"line":15,"column":13}},"loc":{"start":{"line":15,"column":17},"end":{"line":15,"column":27}}},"3":{"name":"(anonymous_3)","decl":{"start":{"line":17,"column":29},"end":{"line":17,"column":30}},"loc":{"start":{"line":17,"column":58},"end":{"line":35,"column":3}}},"4":{"name":"(anonymous_4)","decl":{"start":{"line":20,"column":12},"end":{"line":20,"column":17}},"loc":{"start":{"line":20,"column":23},"end":{"line":33,"column":7}}},"5":{"name":"(anonymous_5)","decl":{"start":{"line":25,"column":16},"end":{"line":25,"column":17}},"loc":{"start":{"line":25,"column":31},"end":{"line":32,"column":9}}}},"branchMap":{},"s":{"0":3,"1":3,"2":3,"3":3,"4":3,"5":3,"6":3,"7":3,"8":3,"9":3,"10":3,"11":1,"12":3},"f":{"0":3,"1":3,"2":3,"3":3,"4":3,"5":1},"b":{}}
,"/home/yisroel/packages/bash-fool-all/bash-fool/src/custom/index.ts": {"path":"/home/yisroel/packages/bash-fool-all/bash-fool/src/custom/index.ts","statementMap":{"0":{"start":{"line":1,"column":0},"end":{"line":1,"column":54}},"1":{"start":{"line":4,"column":14},"end":{"line":4,"column":30}},"2":{"start":{"line":13,"column":2},"end":{"line":13,"column":24}},"3":{"start":{"line":13,"column":17},"end":{"line":13,"column":24}},"4":{"start":{"line":14,"column":24},"end":{"line":16,"column":27}},"5":{"start":{"line":16,"column":16},"end":{"line":16,"column":26}},"6":{"start":{"line":18,"column":2},"end":{"line":18,"column":34}},"7":{"start":{"line":12,"column":0},"end":{"line":12,"column":16}}},"fnMap":{"0":{"name":"bashFool","decl":{"start":{"line":12,"column":16},"end":{"line":12,"column":24}},"loc":{"start":{"line":12,"column":91},"end":{"line":19,"column":1}}},"1":{"name":"(anonymous_1)","decl":{"start":{"line":16,"column":11},"end":{"line":16,"column":12}},"loc":{"start":{"line":16,"column":16},"end":{"line":16,"column":26}}}},"branchMap":{"0":{"loc":{"start":{"line":13,"column":2},"end":{"line":13,"column":24}},"type":"if","locations":[{"start":{"line":13,"column":2},"end":{"line":13,"column":24}},{"start":{"line":13,"column":2},"end":{"line":13,"column":24}}]}},"s":{"0":2,"1":2,"2":4,"3":1,"4":3,"5":3,"6":3,"7":2},"f":{"0":4,"1":3},"b":{"0":[1,3]}}
,"/home/yisroel/packages/bash-fool-all/bash-fool/src/custom/setup/convertCommandArgs.ts": {"path":"/home/yisroel/packages/bash-fool-all/bash-fool/src/custom/setup/convertCommandArgs.ts","statementMap":{"0":{"start":{"line":2,"column":2},"end":{"line":2,"column":null}},"1":{"start":{"line":2,"column":34},"end":{"line":2,"column":null}},"2":{"start":{"line":3,"column":17},"end":{"line":3,"column":76}},"3":{"start":{"line":3,"column":43},"end":{"line":3,"column":75}},"4":{"start":{"line":4,"column":2},"end":{"line":4,"column":null}},"5":{"start":{"line":1,"column":0},"end":{"line":1,"column":16}}},"fnMap":{"0":{"name":"convertCommandArgs","decl":{"start":{"line":1,"column":16},"end":{"line":1,"column":34}},"loc":{"start":{"line":1,"column":78},"end":{"line":5,"column":1}}},"1":{"name":"(anonymous_1)","decl":{"start":{"line":3,"column":26},"end":{"line":3,"column":27}},"loc":{"start":{"line":3,"column":43},"end":{"line":3,"column":75}}}},"branchMap":{"0":{"loc":{"start":{"line":2,"column":2},"end":{"line":2,"column":null}},"type":"if","locations":[{"start":{"line":2,"column":2},"end":{"line":2,"column":null}},{"start":{"line":2,"column":2},"end":{"line":2,"column":null}}]},"1":{"loc":{"start":{"line":2,"column":6},"end":{"line":2,"column":11}},"type":"binary-expr","locations":[{"start":{"line":2,"column":6},"end":{"line":2,"column":11}},{"start":{"line":2,"column":15},"end":{"line":2,"column":32}}]}},"s":{"0":3,"1":1,"2":2,"3":2,"4":2,"5":3},"f":{"0":3,"1":2},"b":{"0":[1,2],"1":[3,3]}}
,"/home/yisroel/packages/bash-fool-all/bash-fool/src/custom/setup/convertCommandOptions.ts": {"path":"/home/yisroel/packages/bash-fool-all/bash-fool/src/custom/setup/convertCommandOptions.ts","statementMap":{"0":{"start":{"line":2,"column":2},"end":{"line":2,"column":null}},"1":{"start":{"line":2,"column":16},"end":{"line":2,"column":null}},"2":{"start":{"line":3,"column":22},"end":{"line":3,"column":42}},"3":{"start":{"line":4,"column":2},"end":{"line":4,"column":null}},"4":{"start":{"line":4,"column":32},"end":{"line":4,"column":null}},"5":{"start":{"line":5,"column":14},"end":{"line":5,"column":29}},"6":{"start":{"line":6,"column":2},"end":{"line":8,"column":null}},"7":{"start":{"line":7,"column":4},"end":{"line":7,"column":null}},"8":{"start":{"line":9,"column":2},"end":{"line":9,"column":null}},"9":{"start":{"line":1,"column":0},"end":{"line":1,"column":16}}},"fnMap":{"0":{"name":"convertCommandOptions","decl":{"start":{"line":1,"column":16},"end":{"line":1,"column":37}},"loc":{"start":{"line":1,"column":79},"end":{"line":10,"column":1}}},"1":{"name":"(anonymous_1)","decl":{"start":{"line":6,"column":18},"end":{"line":6,"column":19}},"loc":{"start":{"line":6,"column":40},"end":{"line":8,"column":3}}}},"branchMap":{"0":{"loc":{"start":{"line":2,"column":2},"end":{"line":2,"column":null}},"type":"if","locations":[{"start":{"line":2,"column":2},"end":{"line":2,"column":null}},{"start":{"line":2,"column":2},"end":{"line":2,"column":null}}]},"1":{"loc":{"start":{"line":4,"column":2},"end":{"line":4,"column":null}},"type":"if","locations":[{"start":{"line":4,"column":2},"end":{"line":4,"column":null}},{"start":{"line":4,"column":2},"end":{"line":4,"column":null}}]}},"s":{"0":3,"1":1,"2":2,"3":2,"4":1,"5":1,"6":1,"7":1,"8":1,"9":3},"f":{"0":3,"1":1},"b":{"0":[1,2],"1":[1,1]}}
}
